{"level":"INFO","message":"[3:08:09.838 PM]: Creating new connection object"}
{"level":"INFO","message":"[3:08:09.848 PM]: Creating new connection object"}
{"level":"INFO","message":"[3:08:09.849 PM]: Creating new connection object"}
{"level":"INFO","message":"[3:08:09.849 PM]: Creating new connection object"}
{"level":"INFO","message":"[3:08:10.050 PM]: Creating new connection object"}
{"level":"INFO","message":"[3:08:10.050 PM]: Creating new connection object"}
{"level":"INFO","message":"[3:08:10.051 PM]: Creating new connection object"}
{"level":"INFO","message":"[3:08:10.051 PM]: Creating new connection object"}
{"level":"INFO","message":"[3:08:25.298 PM]: Creating new connection object"}
{"level":"INFO","message":"[3:08:25.300 PM]: Creating new connection object"}
{"level":"INFO","message":"[3:08:25.301 PM]: Creating new connection object"}
{"level":"INFO","message":"[3:08:25.301 PM]: Creating new connection object"}
{"level":"INFO","message":"[3:09:31.147 PM]: Creating new connection object"}
{"level":"INFO","message":"[3:09:31.155 PM]: Creating new connection object"}
{"level":"INFO","message":"[3:09:31.156 PM]: Creating new connection object"}
{"level":"INFO","message":"[3:09:31.156 PM]: Creating new connection object"}
{"level":"INFO","message":"[3:10:11.919 PM]: Creating new connection object"}
{"level":"INFO","message":"[3:10:11.927 PM]: Creating new connection object"}
{"level":"INFO","message":"[3:10:11.928 PM]: Creating new connection object"}
{"level":"INFO","message":"[3:10:11.929 PM]: Creating new connection object"}
{"level":"INFO","message":"[3:11:41.843 PM]: Creating new connection object"}
{"level":"INFO","message":"[3:11:41.850 PM]: Creating new connection object"}
{"level":"INFO","message":"[3:11:41.851 PM]: Creating new connection object"}
{"level":"INFO","message":"[3:11:41.852 PM]: Creating new connection object"}
{"level":"INFO","message":"[3:11:41.852 PM]: Creating new connection object"}
{"level":"INFO","message":"[3:11:41.853 PM]: Creating new connection object"}
{"level":"INFO","message":"[3:11:41.853 PM]: Creating new connection object"}
{"level":"INFO","message":"[3:11:41.853 PM]: Creating new connection object"}
{"level":"INFO","message":"[3:11:41.853 PM]: Creating new connection object"}
{"level":"INFO","message":"[3:11:41.854 PM]: Creating new connection object"}
{"level":"INFO","message":"[3:11:41.854 PM]: Creating new connection object"}
{"level":"INFO","message":"[3:11:41.854 PM]: Creating new connection object"}
{"level":"INFO","message":"[3:11:44.558 PM]: Creating new connection object"}
{"level":"INFO","message":"[3:11:44.559 PM]: Creating new connection object"}
{"level":"INFO","message":"[3:11:44.559 PM]: Creating new connection object"}
{"level":"INFO","message":"[3:11:44.559 PM]: Creating new connection object"}
{"level":"INFO","message":"[3:11:44.560 PM]: Creating new connection object"}
{"level":"INFO","message":"[3:11:44.560 PM]: Creating new connection object"}
{"level":"INFO","message":"[3:11:44.560 PM]: Creating new connection object"}
{"level":"INFO","message":"[3:11:44.560 PM]: Creating new connection object"}
{"level":"INFO","message":"[3:11:44.560 PM]: Creating new connection object"}
{"level":"INFO","message":"[3:11:44.560 PM]: Creating new connection object"}
{"level":"INFO","message":"[3:11:44.560 PM]: Creating new connection object"}
{"level":"INFO","message":"[3:11:44.561 PM]: Creating new connection object"}
{"level":"INFO","message":"[3:11:45.082 PM]: Creating new connection object"}
{"level":"INFO","message":"[3:11:45.082 PM]: Creating new connection object"}
{"level":"INFO","message":"[3:11:45.082 PM]: Creating new connection object"}
{"level":"INFO","message":"[3:11:45.082 PM]: Creating new connection object"}
{"level":"INFO","message":"[3:11:45.083 PM]: Creating new connection object"}
{"level":"INFO","message":"[3:11:45.083 PM]: Creating new connection object"}
{"level":"INFO","message":"[3:11:45.083 PM]: Creating new connection object"}
{"level":"INFO","message":"[3:11:45.083 PM]: Creating new connection object"}
{"level":"INFO","message":"[3:11:45.083 PM]: Creating new connection object"}
{"level":"INFO","message":"[3:11:45.083 PM]: Creating new connection object"}
{"level":"INFO","message":"[3:11:45.083 PM]: Creating new connection object"}
{"level":"INFO","message":"[3:11:45.083 PM]: Creating new connection object"}
{"level":"INFO","message":"[3:14:17.474 PM]: Creating new connection object"}
{"level":"INFO","message":"[3:14:17.475 PM]: Creating new connection object"}
{"level":"INFO","message":"[3:14:17.475 PM]: Creating new connection object"}
{"level":"INFO","message":"[3:14:17.475 PM]: Creating new connection object"}
{"level":"INFO","message":"[3:14:17.475 PM]: Creating new connection object"}
{"level":"INFO","message":"[3:14:17.476 PM]: Creating new connection object"}
{"level":"INFO","message":"[3:14:17.476 PM]: Creating new connection object"}
{"level":"INFO","message":"[3:14:17.476 PM]: Creating new connection object"}
{"level":"INFO","message":"[3:14:17.476 PM]: Creating new connection object"}
{"level":"INFO","message":"[3:14:17.476 PM]: Creating new connection object"}
{"level":"INFO","message":"[3:14:17.476 PM]: Creating new connection object"}
{"level":"INFO","message":"[3:14:17.476 PM]: Creating new connection object"}
{"level":"INFO","message":"[3:14:19.980 PM]: Creating new connection object"}
{"level":"INFO","message":"[3:14:19.981 PM]: Creating new connection object"}
{"level":"INFO","message":"[3:14:19.981 PM]: Creating new connection object"}
{"level":"INFO","message":"[3:14:19.982 PM]: Creating new connection object"}
{"level":"INFO","message":"[3:14:19.982 PM]: Creating new connection object"}
{"level":"INFO","message":"[3:14:19.982 PM]: Creating new connection object"}
{"level":"INFO","message":"[3:14:19.982 PM]: Creating new connection object"}
{"level":"INFO","message":"[3:14:19.983 PM]: Creating new connection object"}
{"level":"INFO","message":"[3:14:19.983 PM]: Creating new connection object"}
{"level":"INFO","message":"[3:14:19.983 PM]: Creating new connection object"}
{"level":"INFO","message":"[3:14:19.983 PM]: Creating new connection object"}
{"level":"INFO","message":"[3:14:19.984 PM]: Creating new connection object"}
{"level":"INFO","message":"[3:14:20.585 PM]: Creating new connection object"}
{"level":"INFO","message":"[3:14:20.585 PM]: Creating new connection object"}
{"level":"INFO","message":"[3:14:20.585 PM]: Creating new connection object"}
{"level":"INFO","message":"[3:14:20.585 PM]: Creating new connection object"}
{"level":"INFO","message":"[3:14:20.586 PM]: Creating new connection object"}
{"level":"INFO","message":"[3:14:20.586 PM]: Creating new connection object"}
{"level":"INFO","message":"[3:14:20.586 PM]: Creating new connection object"}
{"level":"INFO","message":"[3:14:20.586 PM]: Creating new connection object"}
{"level":"INFO","message":"[3:14:20.586 PM]: Creating new connection object"}
{"level":"INFO","message":"[3:14:20.586 PM]: Creating new connection object"}
{"level":"INFO","message":"[3:14:20.586 PM]: Creating new connection object"}
{"level":"INFO","message":"[3:14:20.586 PM]: Creating new connection object"}
{"level":"INFO","message":"[3:14:20.924 PM]: Creating new connection object"}
{"level":"INFO","message":"[3:14:20.925 PM]: Creating new connection object"}
{"level":"INFO","message":"[3:14:20.925 PM]: Creating new connection object"}
{"level":"INFO","message":"[3:14:20.926 PM]: Creating new connection object"}
{"level":"INFO","message":"[3:14:20.926 PM]: Creating new connection object"}
{"level":"INFO","message":"[3:14:20.926 PM]: Creating new connection object"}
{"level":"INFO","message":"[3:14:20.926 PM]: Creating new connection object"}
{"level":"INFO","message":"[3:14:20.926 PM]: Creating new connection object"}
{"level":"INFO","message":"[3:14:20.927 PM]: Creating new connection object"}
{"level":"INFO","message":"[3:14:20.927 PM]: Creating new connection object"}
{"level":"INFO","message":"[3:14:20.927 PM]: Creating new connection object"}
{"level":"INFO","message":"[3:14:20.927 PM]: Creating new connection object"}
{"level":"INFO","message":"[3:14:21.476 PM]: Creating new connection object"}
{"level":"INFO","message":"[3:14:21.477 PM]: Creating new connection object"}
{"level":"INFO","message":"[3:14:21.477 PM]: Creating new connection object"}
{"level":"INFO","message":"[3:14:21.478 PM]: Creating new connection object"}
{"level":"INFO","message":"[3:14:21.478 PM]: Creating new connection object"}
{"level":"INFO","message":"[3:14:21.479 PM]: Creating new connection object"}
{"level":"INFO","message":"[3:14:21.479 PM]: Creating new connection object"}
{"level":"INFO","message":"[3:14:21.479 PM]: Creating new connection object"}
{"level":"INFO","message":"[3:14:21.479 PM]: Creating new connection object"}
{"level":"INFO","message":"[3:14:21.479 PM]: Creating new connection object"}
{"level":"INFO","message":"[3:14:21.479 PM]: Creating new connection object"}
{"level":"INFO","message":"[3:14:21.479 PM]: Creating new connection object"}
{"level":"INFO","message":"[3:20:01.510 PM]: Creating new connection object"}
{"level":"INFO","message":"[3:20:01.512 PM]: Creating new connection object"}
{"level":"INFO","message":"[3:20:01.512 PM]: Creating new connection object"}
{"level":"INFO","message":"[3:20:01.512 PM]: Creating new connection object"}
{"level":"INFO","message":"[3:20:01.513 PM]: Creating new connection object"}
{"level":"INFO","message":"[3:20:01.513 PM]: Creating new connection object"}
{"level":"INFO","message":"[3:20:01.513 PM]: Creating new connection object"}
{"level":"INFO","message":"[3:20:01.513 PM]: Creating new connection object"}
{"level":"INFO","message":"[3:20:01.513 PM]: Creating new connection object"}
{"level":"INFO","message":"[3:20:01.513 PM]: Creating new connection object"}
{"level":"INFO","message":"[3:20:01.513 PM]: Creating new connection object"}
{"level":"INFO","message":"[3:20:01.514 PM]: Creating new connection object"}
{"level":"INFO","message":"[3:20:02.104 PM]: Creating new connection object"}
{"level":"INFO","message":"[3:20:02.105 PM]: Creating new connection object"}
{"level":"INFO","message":"[3:20:02.105 PM]: Creating new connection object"}
{"level":"INFO","message":"[3:20:02.105 PM]: Creating new connection object"}
{"level":"INFO","message":"[3:20:02.106 PM]: Creating new connection object"}
{"level":"INFO","message":"[3:20:02.106 PM]: Creating new connection object"}
{"level":"INFO","message":"[3:20:02.106 PM]: Creating new connection object"}
{"level":"INFO","message":"[3:20:02.106 PM]: Creating new connection object"}
{"level":"INFO","message":"[3:20:02.107 PM]: Creating new connection object"}
{"level":"INFO","message":"[3:20:02.107 PM]: Creating new connection object"}
{"level":"INFO","message":"[3:20:02.107 PM]: Creating new connection object"}
{"level":"INFO","message":"[3:20:02.107 PM]: Creating new connection object"}
{"level":"INFO","message":"[3:22:26.957 PM]: Creating new connection object"}
{"level":"INFO","message":"[3:22:26.958 PM]: Creating new connection object"}
{"level":"INFO","message":"[3:22:26.958 PM]: Creating new connection object"}
{"level":"INFO","message":"[3:22:26.958 PM]: Creating new connection object"}
{"level":"INFO","message":"[3:22:26.958 PM]: Creating new connection object"}
{"level":"INFO","message":"[3:22:26.958 PM]: Creating new connection object"}
{"level":"INFO","message":"[3:22:26.958 PM]: Creating new connection object"}
{"level":"INFO","message":"[3:22:26.959 PM]: Creating new connection object"}
{"level":"INFO","message":"[3:22:26.959 PM]: Creating new connection object"}
{"level":"INFO","message":"[3:22:26.959 PM]: Creating new connection object"}
{"level":"INFO","message":"[3:22:26.959 PM]: Creating new connection object"}
{"level":"INFO","message":"[3:22:26.959 PM]: Creating new connection object"}
{"level":"INFO","message":"[3:22:27.710 PM]: Creating new connection object"}
{"level":"INFO","message":"[3:22:27.711 PM]: Creating new connection object"}
{"level":"INFO","message":"[3:22:27.712 PM]: Creating new connection object"}
{"level":"INFO","message":"[3:22:27.712 PM]: Creating new connection object"}
{"level":"INFO","message":"[3:22:27.712 PM]: Creating new connection object"}
{"level":"INFO","message":"[3:22:27.712 PM]: Creating new connection object"}
{"level":"INFO","message":"[3:22:27.713 PM]: Creating new connection object"}
{"level":"INFO","message":"[3:22:27.713 PM]: Creating new connection object"}
{"level":"INFO","message":"[3:22:27.713 PM]: Creating new connection object"}
{"level":"INFO","message":"[3:22:27.713 PM]: Creating new connection object"}
{"level":"INFO","message":"[3:22:27.713 PM]: Creating new connection object"}
{"level":"INFO","message":"[3:22:27.714 PM]: Creating new connection object"}
{"level":"INFO","message":"[3:22:28.104 PM]: Creating new connection object"}
{"level":"INFO","message":"[3:22:28.105 PM]: Creating new connection object"}
{"level":"INFO","message":"[3:22:28.105 PM]: Creating new connection object"}
{"level":"INFO","message":"[3:22:28.105 PM]: Creating new connection object"}
{"level":"INFO","message":"[3:22:28.105 PM]: Creating new connection object"}
{"level":"INFO","message":"[3:22:28.105 PM]: Creating new connection object"}
{"level":"INFO","message":"[3:22:28.106 PM]: Creating new connection object"}
{"level":"INFO","message":"[3:22:28.106 PM]: Creating new connection object"}
{"level":"INFO","message":"[3:22:28.106 PM]: Creating new connection object"}
{"level":"INFO","message":"[3:22:28.106 PM]: Creating new connection object"}
{"level":"INFO","message":"[3:22:28.106 PM]: Creating new connection object"}
{"level":"INFO","message":"[3:22:28.106 PM]: Creating new connection object"}
{"level":"INFO","message":"[3:22:28.551 PM]: Creating new connection object"}
{"level":"INFO","message":"[3:22:28.551 PM]: Creating new connection object"}
{"level":"INFO","message":"[3:22:28.551 PM]: Creating new connection object"}
{"level":"INFO","message":"[3:22:28.552 PM]: Creating new connection object"}
{"level":"INFO","message":"[3:22:28.552 PM]: Creating new connection object"}
{"level":"INFO","message":"[3:22:28.552 PM]: Creating new connection object"}
{"level":"INFO","message":"[3:22:28.553 PM]: Creating new connection object"}
{"level":"INFO","message":"[3:22:28.553 PM]: Creating new connection object"}
{"level":"INFO","message":"[3:22:28.553 PM]: Creating new connection object"}
{"level":"INFO","message":"[3:22:28.553 PM]: Creating new connection object"}
{"level":"INFO","message":"[3:22:28.553 PM]: Creating new connection object"}
{"level":"INFO","message":"[3:22:28.553 PM]: Creating new connection object"}
{"level":"INFO","message":"[3:23:43.136 PM]: Creating new connection object"}
{"level":"INFO","message":"[3:23:43.137 PM]: Creating new connection object"}
{"level":"INFO","message":"[3:23:43.137 PM]: Creating new connection object"}
{"level":"INFO","message":"[3:23:43.137 PM]: Creating new connection object"}
{"level":"INFO","message":"[3:23:43.137 PM]: Creating new connection object"}
{"level":"INFO","message":"[3:23:43.137 PM]: Creating new connection object"}
{"level":"INFO","message":"[3:23:43.138 PM]: Creating new connection object"}
{"level":"INFO","message":"[3:23:43.138 PM]: Creating new connection object"}
{"level":"INFO","message":"[3:23:43.138 PM]: Creating new connection object"}
{"level":"INFO","message":"[3:23:43.138 PM]: Creating new connection object"}
{"level":"INFO","message":"[3:23:43.138 PM]: Creating new connection object"}
{"level":"INFO","message":"[3:23:43.138 PM]: Creating new connection object"}
{"level":"INFO","message":"[3:23:43.466 PM]: Creating new connection object"}
{"level":"INFO","message":"[3:23:43.467 PM]: Creating new connection object"}
{"level":"INFO","message":"[3:23:43.468 PM]: Creating new connection object"}
{"level":"INFO","message":"[3:23:43.468 PM]: Creating new connection object"}
{"level":"INFO","message":"[3:23:43.469 PM]: Creating new connection object"}
{"level":"INFO","message":"[3:23:43.469 PM]: Creating new connection object"}
{"level":"INFO","message":"[3:23:43.469 PM]: Creating new connection object"}
{"level":"INFO","message":"[3:23:43.469 PM]: Creating new connection object"}
{"level":"INFO","message":"[3:23:43.470 PM]: Creating new connection object"}
{"level":"INFO","message":"[3:23:43.470 PM]: Creating new connection object"}
{"level":"INFO","message":"[3:23:43.470 PM]: Creating new connection object"}
{"level":"INFO","message":"[3:23:43.470 PM]: Creating new connection object"}
{"level":"INFO","message":"[3:29:29.553 PM]: Creating new connection object"}
{"level":"INFO","message":"[3:29:29.554 PM]: Creating new connection object"}
{"level":"INFO","message":"[3:29:29.555 PM]: Creating new connection object"}
{"level":"INFO","message":"[3:29:29.555 PM]: Creating new connection object"}
{"level":"INFO","message":"[3:29:29.555 PM]: Creating new connection object"}
{"level":"INFO","message":"[3:29:29.555 PM]: Creating new connection object"}
{"level":"INFO","message":"[3:29:29.555 PM]: Creating new connection object"}
{"level":"INFO","message":"[3:29:29.555 PM]: Creating new connection object"}
{"level":"INFO","message":"[3:29:29.555 PM]: Creating new connection object"}
{"level":"INFO","message":"[3:29:29.555 PM]: Creating new connection object"}
{"level":"INFO","message":"[3:29:29.556 PM]: Creating new connection object"}
{"level":"INFO","message":"[3:29:29.556 PM]: Creating new connection object"}
{"level":"INFO","message":"[3:29:30.234 PM]: Creating new connection object"}
{"level":"INFO","message":"[3:29:30.235 PM]: Creating new connection object"}
{"level":"INFO","message":"[3:29:30.235 PM]: Creating new connection object"}
{"level":"INFO","message":"[3:29:30.235 PM]: Creating new connection object"}
{"level":"INFO","message":"[3:29:30.235 PM]: Creating new connection object"}
{"level":"INFO","message":"[3:29:30.235 PM]: Creating new connection object"}
{"level":"INFO","message":"[3:29:30.235 PM]: Creating new connection object"}
{"level":"INFO","message":"[3:29:30.236 PM]: Creating new connection object"}
{"level":"INFO","message":"[3:29:30.236 PM]: Creating new connection object"}
{"level":"INFO","message":"[3:29:30.236 PM]: Creating new connection object"}
{"level":"INFO","message":"[3:29:30.236 PM]: Creating new connection object"}
{"level":"INFO","message":"[3:29:30.236 PM]: Creating new connection object"}
{"level":"INFO","message":"[3:29:34.216 PM]: Creating new connection object"}
{"level":"INFO","message":"[3:29:34.216 PM]: Creating new connection object"}
{"level":"INFO","message":"[3:29:34.217 PM]: Creating new connection object"}
{"level":"INFO","message":"[3:29:34.217 PM]: Creating new connection object"}
{"level":"INFO","message":"[3:29:34.218 PM]: Creating new connection object"}
{"level":"INFO","message":"[3:29:34.218 PM]: Creating new connection object"}
{"level":"INFO","message":"[3:29:34.218 PM]: Creating new connection object"}
{"level":"INFO","message":"[3:29:34.218 PM]: Creating new connection object"}
{"level":"INFO","message":"[3:29:34.219 PM]: Creating new connection object"}
{"level":"INFO","message":"[3:29:34.219 PM]: Creating new connection object"}
{"level":"INFO","message":"[3:29:34.219 PM]: Creating new connection object"}
{"level":"INFO","message":"[3:29:34.219 PM]: Creating new connection object"}
{"level":"INFO","message":"[3:30:21.601 PM]: Creating new connection object"}
{"level":"INFO","message":"[3:30:21.602 PM]: Creating new connection object"}
{"level":"INFO","message":"[3:30:21.602 PM]: Creating new connection object"}
{"level":"INFO","message":"[3:30:21.602 PM]: Creating new connection object"}
{"level":"INFO","message":"[3:30:21.603 PM]: Creating new connection object"}
{"level":"INFO","message":"[3:30:21.603 PM]: Creating new connection object"}
{"level":"INFO","message":"[3:30:21.603 PM]: Creating new connection object"}
{"level":"INFO","message":"[3:30:21.604 PM]: Creating new connection object"}
{"level":"INFO","message":"[3:30:21.604 PM]: Creating new connection object"}
{"level":"INFO","message":"[3:30:21.604 PM]: Creating new connection object"}
{"level":"INFO","message":"[3:30:21.604 PM]: Creating new connection object"}
{"level":"INFO","message":"[3:30:21.604 PM]: Creating new connection object"}
{"level":"INFO","message":"[3:30:22.371 PM]: Creating new connection object"}
{"level":"INFO","message":"[3:30:22.371 PM]: Creating new connection object"}
{"level":"INFO","message":"[3:30:22.372 PM]: Creating new connection object"}
{"level":"INFO","message":"[3:30:22.372 PM]: Creating new connection object"}
{"level":"INFO","message":"[3:30:22.373 PM]: Creating new connection object"}
{"level":"INFO","message":"[3:30:22.373 PM]: Creating new connection object"}
{"level":"INFO","message":"[3:30:22.373 PM]: Creating new connection object"}
{"level":"INFO","message":"[3:30:22.373 PM]: Creating new connection object"}
{"level":"INFO","message":"[3:30:22.373 PM]: Creating new connection object"}
{"level":"INFO","message":"[3:30:22.373 PM]: Creating new connection object"}
{"level":"INFO","message":"[3:30:22.373 PM]: Creating new connection object"}
{"level":"INFO","message":"[3:30:22.373 PM]: Creating new connection object"}
{"level":"INFO","message":"[3:30:22.807 PM]: Creating new connection object"}
{"level":"INFO","message":"[3:30:22.807 PM]: Creating new connection object"}
{"level":"INFO","message":"[3:30:22.808 PM]: Creating new connection object"}
{"level":"INFO","message":"[3:30:22.808 PM]: Creating new connection object"}
{"level":"INFO","message":"[3:30:22.808 PM]: Creating new connection object"}
{"level":"INFO","message":"[3:30:22.808 PM]: Creating new connection object"}
{"level":"INFO","message":"[3:30:22.808 PM]: Creating new connection object"}
{"level":"INFO","message":"[3:30:22.808 PM]: Creating new connection object"}
{"level":"INFO","message":"[3:30:22.809 PM]: Creating new connection object"}
{"level":"INFO","message":"[3:30:22.809 PM]: Creating new connection object"}
{"level":"INFO","message":"[3:30:22.809 PM]: Creating new connection object"}
{"level":"INFO","message":"[3:30:22.809 PM]: Creating new connection object"}
{"level":"INFO","message":"[3:30:26.658 PM]: Creating new connection object"}
{"level":"INFO","message":"[3:30:26.659 PM]: Creating new connection object"}
{"level":"INFO","message":"[3:30:26.659 PM]: Creating new connection object"}
{"level":"INFO","message":"[3:30:26.659 PM]: Creating new connection object"}
{"level":"INFO","message":"[3:30:26.660 PM]: Creating new connection object"}
{"level":"INFO","message":"[3:30:26.660 PM]: Creating new connection object"}
{"level":"INFO","message":"[3:30:26.660 PM]: Creating new connection object"}
{"level":"INFO","message":"[3:30:26.660 PM]: Creating new connection object"}
{"level":"INFO","message":"[3:30:26.660 PM]: Creating new connection object"}
{"level":"INFO","message":"[3:30:26.660 PM]: Creating new connection object"}
{"level":"INFO","message":"[3:30:26.661 PM]: Creating new connection object"}
{"level":"INFO","message":"[3:30:26.661 PM]: Creating new connection object"}
{"level":"INFO","message":"[3:30:27.052 PM]: Creating new connection object"}
{"level":"INFO","message":"[3:30:27.053 PM]: Creating new connection object"}
{"level":"INFO","message":"[3:30:27.053 PM]: Creating new connection object"}
{"level":"INFO","message":"[3:30:27.053 PM]: Creating new connection object"}
{"level":"INFO","message":"[3:30:27.053 PM]: Creating new connection object"}
{"level":"INFO","message":"[3:30:27.054 PM]: Creating new connection object"}
{"level":"INFO","message":"[3:30:27.054 PM]: Creating new connection object"}
{"level":"INFO","message":"[3:30:27.054 PM]: Creating new connection object"}
{"level":"INFO","message":"[3:30:27.054 PM]: Creating new connection object"}
{"level":"INFO","message":"[3:30:27.054 PM]: Creating new connection object"}
{"level":"INFO","message":"[3:30:27.055 PM]: Creating new connection object"}
{"level":"INFO","message":"[3:30:27.055 PM]: Creating new connection object"}
{"level":"INFO","message":"[3:34:51.832 PM]: Creating new connection object"}
{"level":"INFO","message":"[3:34:51.833 PM]: Creating new connection object"}
{"level":"INFO","message":"[3:34:51.834 PM]: Creating new connection object"}
{"level":"INFO","message":"[3:34:51.834 PM]: Creating new connection object"}
{"level":"INFO","message":"[3:34:51.834 PM]: Creating new connection object"}
{"level":"INFO","message":"[3:34:51.834 PM]: Creating new connection object"}
{"level":"INFO","message":"[3:34:51.835 PM]: Creating new connection object"}
{"level":"INFO","message":"[3:34:51.835 PM]: Creating new connection object"}
{"level":"INFO","message":"[3:34:51.835 PM]: Creating new connection object"}
{"level":"INFO","message":"[3:34:51.835 PM]: Creating new connection object"}
{"level":"INFO","message":"[3:34:51.835 PM]: Creating new connection object"}
{"level":"INFO","message":"[3:34:51.835 PM]: Creating new connection object"}
{"level":"INFO","message":"[3:34:52.431 PM]: Creating new connection object"}
{"level":"INFO","message":"[3:34:52.431 PM]: Creating new connection object"}
{"level":"INFO","message":"[3:34:52.431 PM]: Creating new connection object"}
{"level":"INFO","message":"[3:34:52.431 PM]: Creating new connection object"}
{"level":"INFO","message":"[3:34:52.431 PM]: Creating new connection object"}
{"level":"INFO","message":"[3:34:52.432 PM]: Creating new connection object"}
{"level":"INFO","message":"[3:34:52.432 PM]: Creating new connection object"}
{"level":"INFO","message":"[3:34:52.432 PM]: Creating new connection object"}
{"level":"INFO","message":"[3:34:52.432 PM]: Creating new connection object"}
{"level":"INFO","message":"[3:34:52.432 PM]: Creating new connection object"}
{"level":"INFO","message":"[3:34:52.432 PM]: Creating new connection object"}
{"level":"INFO","message":"[3:34:52.432 PM]: Creating new connection object"}
{"level":"INFO","message":"[3:39:33.640 PM]: Creating new connection object"}
{"level":"INFO","message":"[3:39:33.641 PM]: Creating new connection object"}
{"level":"INFO","message":"[3:39:33.641 PM]: Creating new connection object"}
{"level":"INFO","message":"[3:39:33.641 PM]: Creating new connection object"}
{"level":"INFO","message":"[3:39:33.641 PM]: Creating new connection object"}
{"level":"INFO","message":"[3:39:33.641 PM]: Creating new connection object"}
{"level":"INFO","message":"[3:39:33.641 PM]: Creating new connection object"}
{"level":"INFO","message":"[3:39:33.641 PM]: Creating new connection object"}
{"level":"INFO","message":"[3:39:33.641 PM]: Creating new connection object"}
{"level":"INFO","message":"[3:39:33.641 PM]: Creating new connection object"}
{"level":"INFO","message":"[3:39:33.641 PM]: Creating new connection object"}
{"level":"INFO","message":"[3:39:33.641 PM]: Creating new connection object"}
{"level":"INFO","message":"[3:39:34.551 PM]: Creating new connection object"}
{"level":"INFO","message":"[3:39:34.551 PM]: Creating new connection object"}
{"level":"INFO","message":"[3:39:34.551 PM]: Creating new connection object"}
{"level":"INFO","message":"[3:39:34.551 PM]: Creating new connection object"}
{"level":"INFO","message":"[3:39:34.551 PM]: Creating new connection object"}
{"level":"INFO","message":"[3:39:34.551 PM]: Creating new connection object"}
{"level":"INFO","message":"[3:39:34.551 PM]: Creating new connection object"}
{"level":"INFO","message":"[3:39:34.551 PM]: Creating new connection object"}
{"level":"INFO","message":"[3:39:34.551 PM]: Creating new connection object"}
{"level":"INFO","message":"[3:39:34.551 PM]: Creating new connection object"}
{"level":"INFO","message":"[3:39:34.551 PM]: Creating new connection object"}
{"level":"INFO","message":"[3:39:34.551 PM]: Creating new connection object"}
{"level":"INFO","message":"[3:39:35.090 PM]: Creating new connection object"}
{"level":"INFO","message":"[3:39:35.091 PM]: Creating new connection object"}
{"level":"INFO","message":"[3:39:35.091 PM]: Creating new connection object"}
{"level":"INFO","message":"[3:39:35.091 PM]: Creating new connection object"}
{"level":"INFO","message":"[3:39:35.091 PM]: Creating new connection object"}
{"level":"INFO","message":"[3:39:35.091 PM]: Creating new connection object"}
{"level":"INFO","message":"[3:39:35.091 PM]: Creating new connection object"}
{"level":"INFO","message":"[3:39:35.091 PM]: Creating new connection object"}
{"level":"INFO","message":"[3:39:35.091 PM]: Creating new connection object"}
{"level":"INFO","message":"[3:39:35.091 PM]: Creating new connection object"}
{"level":"INFO","message":"[3:39:35.091 PM]: Creating new connection object"}
{"level":"INFO","message":"[3:39:35.091 PM]: Creating new connection object"}
{"level":"INFO","message":"[3:39:35.578 PM]: Creating new connection object"}
{"level":"INFO","message":"[3:39:35.578 PM]: Creating new connection object"}
{"level":"INFO","message":"[3:39:35.578 PM]: Creating new connection object"}
{"level":"INFO","message":"[3:39:35.579 PM]: Creating new connection object"}
{"level":"INFO","message":"[3:39:35.579 PM]: Creating new connection object"}
{"level":"INFO","message":"[3:39:35.579 PM]: Creating new connection object"}
{"level":"INFO","message":"[3:39:35.579 PM]: Creating new connection object"}
{"level":"INFO","message":"[3:39:35.579 PM]: Creating new connection object"}
{"level":"INFO","message":"[3:39:35.580 PM]: Creating new connection object"}
{"level":"INFO","message":"[3:39:35.580 PM]: Creating new connection object"}
{"level":"INFO","message":"[3:39:35.580 PM]: Creating new connection object"}
{"level":"INFO","message":"[3:39:35.580 PM]: Creating new connection object"}
{"level":"INFO","message":"[3:39:36.015 PM]: Creating new connection object"}
{"level":"INFO","message":"[3:39:36.015 PM]: Creating new connection object"}
{"level":"INFO","message":"[3:39:36.016 PM]: Creating new connection object"}
{"level":"INFO","message":"[3:39:36.016 PM]: Creating new connection object"}
{"level":"INFO","message":"[3:39:36.017 PM]: Creating new connection object"}
{"level":"INFO","message":"[3:39:36.017 PM]: Creating new connection object"}
{"level":"INFO","message":"[3:39:36.017 PM]: Creating new connection object"}
{"level":"INFO","message":"[3:39:36.017 PM]: Creating new connection object"}
{"level":"INFO","message":"[3:39:36.017 PM]: Creating new connection object"}
{"level":"INFO","message":"[3:39:36.017 PM]: Creating new connection object"}
{"level":"INFO","message":"[3:39:36.017 PM]: Creating new connection object"}
{"level":"INFO","message":"[3:39:36.018 PM]: Creating new connection object"}
{"level":"INFO","message":"[3:43:24.752 PM]: Creating new connection object"}
{"level":"INFO","message":"[3:43:24.753 PM]: Creating new connection object"}
{"level":"INFO","message":"[3:43:24.753 PM]: Creating new connection object"}
{"level":"INFO","message":"[3:43:24.753 PM]: Creating new connection object"}
{"level":"INFO","message":"[3:43:24.754 PM]: Creating new connection object"}
{"level":"INFO","message":"[3:43:24.754 PM]: Creating new connection object"}
{"level":"INFO","message":"[3:43:24.754 PM]: Creating new connection object"}
{"level":"INFO","message":"[3:43:24.754 PM]: Creating new connection object"}
{"level":"INFO","message":"[3:43:24.754 PM]: Creating new connection object"}
{"level":"INFO","message":"[3:43:24.755 PM]: Creating new connection object"}
{"level":"INFO","message":"[3:43:24.755 PM]: Creating new connection object"}
{"level":"INFO","message":"[3:43:24.755 PM]: Creating new connection object"}
{"level":"INFO","message":"[3:43:25.461 PM]: Creating new connection object"}
{"level":"INFO","message":"[3:43:25.462 PM]: Creating new connection object"}
{"level":"INFO","message":"[3:43:25.462 PM]: Creating new connection object"}
{"level":"INFO","message":"[3:43:25.462 PM]: Creating new connection object"}
{"level":"INFO","message":"[3:43:25.462 PM]: Creating new connection object"}
{"level":"INFO","message":"[3:43:25.463 PM]: Creating new connection object"}
{"level":"INFO","message":"[3:43:25.463 PM]: Creating new connection object"}
{"level":"INFO","message":"[3:43:25.463 PM]: Creating new connection object"}
{"level":"INFO","message":"[3:43:25.463 PM]: Creating new connection object"}
{"level":"INFO","message":"[3:43:25.463 PM]: Creating new connection object"}
{"level":"INFO","message":"[3:43:25.463 PM]: Creating new connection object"}
{"level":"INFO","message":"[3:43:25.463 PM]: Creating new connection object"}
{"level":"INFO","message":"[3:46:44.027 PM]: Creating new connection object"}
{"level":"INFO","message":"[3:46:44.035 PM]: Creating new connection object"}
{"level":"INFO","message":"[3:46:44.036 PM]: Creating new connection object"}
{"level":"INFO","message":"[3:46:44.036 PM]: Creating new connection object"}
{"level":"INFO","message":"[3:46:44.037 PM]: Creating new connection object"}
{"level":"INFO","message":"[3:46:44.038 PM]: Creating new connection object"}
{"level":"INFO","message":"[3:46:44.038 PM]: Creating new connection object"}
{"level":"INFO","message":"[3:46:44.038 PM]: Creating new connection object"}
{"level":"INFO","message":"[3:46:44.038 PM]: Creating new connection object"}
{"level":"INFO","message":"[3:46:44.039 PM]: Creating new connection object"}
{"level":"INFO","message":"[3:46:44.039 PM]: Creating new connection object"}
{"level":"INFO","message":"[3:46:44.039 PM]: Creating new connection object"}
{"level":"INFO","message":"[3:48:59.067 PM]: Creating new connection object"}
{"level":"INFO","message":"[3:48:59.073 PM]: Creating new connection object"}
{"level":"INFO","message":"[3:48:59.074 PM]: Creating new connection object"}
{"level":"INFO","message":"[3:48:59.075 PM]: Creating new connection object"}
{"level":"INFO","message":"[3:48:59.075 PM]: Creating new connection object"}
{"level":"INFO","message":"[3:48:59.076 PM]: Creating new connection object"}
{"level":"INFO","message":"[3:48:59.076 PM]: Creating new connection object"}
{"level":"INFO","message":"[3:48:59.076 PM]: Creating new connection object"}
{"level":"INFO","message":"[3:48:59.076 PM]: Creating new connection object"}
{"level":"INFO","message":"[3:48:59.077 PM]: Creating new connection object"}
{"level":"INFO","message":"[3:48:59.077 PM]: Creating new connection object"}
{"level":"INFO","message":"[3:48:59.077 PM]: Creating new connection object"}
{"level":"INFO","message":"[3:51:18.849 PM]: Creating new connection object"}
{"level":"INFO","message":"[3:51:18.888 PM]: Creating Connection[id: 93836016-a7d7-4da9-8f3c-a6dad26f7e44] with host: IXB24790.snowflakecomputing.com, account: IXB24790, accessUrl: https://IXB24790.snowflakecomputing.com, user: SKINCARE_SERVICE, password is not provided, role: SKINCARE_APP_ROLE, database: DAVID, schema: PUBLIC, warehouse: COMPUTE_WH, region: undefined, authenticator: SNOWFLAKE_JWT, ocsp mode: FAIL_OPEN, os: darwin, os version: 24.1.0"}
{"level":"INFO","message":"[3:51:18.889 PM]: Connection[id: 93836016-a7d7-4da9-8f3c-a6dad26f7e44] additional details: passcode in password is provided, passcode is not provided, private key is provided, application: undefined, client name: snowflake-sdk, client version: 1.15.0, retry timeout: 300, private key path: undefined, private key pass is not provided, client store temporary credential: false, browser response timeout: 120000"}
{"level":"INFO","message":"[3:51:18.889 PM]: Connection[id: 93836016-a7d7-4da9-8f3c-a6dad26f7e44] - connection object created successfully."}
{"level":"INFO","message":"[3:51:18.889 PM]: Connection[id: 93836016-a7d7-4da9-8f3c-a6dad26f7e44] - connecting. Associated Snowflake domain: GLOBAL"}
{"level":"INFO","message":"[3:51:18.893 PM]: Creating new connection object"}
{"level":"INFO","message":"[3:51:18.893 PM]: Creating Connection[id: 1b6f3538-65b4-46f9-a772-8e5c0d53949e] with host: IXB24790.snowflakecomputing.com, account: IXB24790, accessUrl: https://IXB24790.snowflakecomputing.com, user: SKINCARE_SERVICE, password is not provided, role: SKINCARE_APP_ROLE, database: DAVID, schema: PUBLIC, warehouse: COMPUTE_WH, region: undefined, authenticator: SNOWFLAKE_JWT, ocsp mode: FAIL_OPEN, os: darwin, os version: 24.1.0"}
{"level":"INFO","message":"[3:51:18.893 PM]: Connection[id: 1b6f3538-65b4-46f9-a772-8e5c0d53949e] additional details: passcode in password is provided, passcode is not provided, private key is provided, application: undefined, client name: snowflake-sdk, client version: 1.15.0, retry timeout: 300, private key path: undefined, private key pass is not provided, client store temporary credential: false, browser response timeout: 120000"}
{"level":"INFO","message":"[3:51:18.893 PM]: Connection[id: 1b6f3538-65b4-46f9-a772-8e5c0d53949e] - connection object created successfully."}
{"level":"INFO","message":"[3:51:18.894 PM]: Connection[id: 1b6f3538-65b4-46f9-a772-8e5c0d53949e] - connecting. Associated Snowflake domain: GLOBAL"}
{"level":"INFO","message":"[3:51:18.895 PM]: Creating new connection object"}
{"level":"INFO","message":"[3:51:18.896 PM]: Creating Connection[id: eaa673c5-8fac-47aa-8511-29f163a38700] with host: IXB24790.snowflakecomputing.com, account: IXB24790, accessUrl: https://IXB24790.snowflakecomputing.com, user: SKINCARE_SERVICE, password is not provided, role: SKINCARE_APP_ROLE, database: DAVID, schema: PUBLIC, warehouse: COMPUTE_WH, region: undefined, authenticator: SNOWFLAKE_JWT, ocsp mode: FAIL_OPEN, os: darwin, os version: 24.1.0"}
{"level":"INFO","message":"[3:51:18.896 PM]: Connection[id: eaa673c5-8fac-47aa-8511-29f163a38700] additional details: passcode in password is provided, passcode is not provided, private key is provided, application: undefined, client name: snowflake-sdk, client version: 1.15.0, retry timeout: 300, private key path: undefined, private key pass is not provided, client store temporary credential: false, browser response timeout: 120000"}
{"level":"INFO","message":"[3:51:18.896 PM]: Connection[id: eaa673c5-8fac-47aa-8511-29f163a38700] - connection object created successfully."}
{"level":"INFO","message":"[3:51:18.896 PM]: Connection[id: eaa673c5-8fac-47aa-8511-29f163a38700] - connecting. Associated Snowflake domain: GLOBAL"}
{"level":"INFO","message":"[3:51:18.897 PM]: Creating new connection object"}
{"level":"INFO","message":"[3:51:18.897 PM]: Creating Connection[id: de53160f-b10e-434e-9794-a606268e4fdb] with host: IXB24790.snowflakecomputing.com, account: IXB24790, accessUrl: https://IXB24790.snowflakecomputing.com, user: SKINCARE_SERVICE, password is not provided, role: SKINCARE_APP_ROLE, database: DAVID, schema: PUBLIC, warehouse: COMPUTE_WH, region: undefined, authenticator: SNOWFLAKE_JWT, ocsp mode: FAIL_OPEN, os: darwin, os version: 24.1.0"}
{"level":"INFO","message":"[3:51:18.897 PM]: Connection[id: de53160f-b10e-434e-9794-a606268e4fdb] additional details: passcode in password is provided, passcode is not provided, private key is provided, application: undefined, client name: snowflake-sdk, client version: 1.15.0, retry timeout: 300, private key path: undefined, private key pass is not provided, client store temporary credential: false, browser response timeout: 120000"}
{"level":"INFO","message":"[3:51:18.898 PM]: Connection[id: de53160f-b10e-434e-9794-a606268e4fdb] - connection object created successfully."}
{"level":"INFO","message":"[3:51:18.898 PM]: Connection[id: de53160f-b10e-434e-9794-a606268e4fdb] - connecting. Associated Snowflake domain: GLOBAL"}
{"level":"INFO","message":"[3:51:18.900 PM]: Connection[id: 93836016-a7d7-4da9-8f3c-a6dad26f7e44] - authentication successful using: SNOWFLAKE_JWT"}
{"level":"INFO","message":"[3:51:18.900 PM]: Trying to initialize Easy Logging"}
{"level":"INFO","message":"[3:51:18.900 PM]: Connection[id: 1b6f3538-65b4-46f9-a772-8e5c0d53949e] - authentication successful using: SNOWFLAKE_JWT"}
{"level":"INFO","message":"[3:51:18.900 PM]: Trying to initialize Easy Logging"}
{"level":"INFO","message":"[3:51:18.900 PM]: Connection[id: eaa673c5-8fac-47aa-8511-29f163a38700] - authentication successful using: SNOWFLAKE_JWT"}
{"level":"INFO","message":"[3:51:18.900 PM]: Trying to initialize Easy Logging"}
{"level":"INFO","message":"[3:51:18.900 PM]: Connection[id: de53160f-b10e-434e-9794-a606268e4fdb] - authentication successful using: SNOWFLAKE_JWT"}
{"level":"INFO","message":"[3:51:18.900 PM]: Trying to initialize Easy Logging"}
{"level":"INFO","message":"[3:51:18.902 PM]: No client config detected."}
{"level":"INFO","message":"[3:51:18.902 PM]: No config file path found. Client config will not be used."}
{"level":"INFO","message":"[3:51:18.902 PM]: Easy Logging is disabled as no config has been found"}
{"level":"INFO","message":"[3:51:18.903 PM]: Connection[id: 93836016-a7d7-4da9-8f3c-a6dad26f7e44] - connected successfully after 13.567708000002312 milliseconds"}
{"level":"INFO","message":"[3:51:18.924 PM]: No client config detected."}
{"level":"INFO","message":"[3:51:18.924 PM]: No config file path found. Client config will not be used."}
{"level":"INFO","message":"[3:51:18.924 PM]: Easy Logging is disabled as no config has been found"}
{"level":"INFO","message":"[3:51:18.925 PM]: Connection[id: 1b6f3538-65b4-46f9-a772-8e5c0d53949e] - connected successfully after 30.83574999999837 milliseconds"}
{"level":"INFO","message":"[3:51:18.926 PM]: No client config detected."}
{"level":"INFO","message":"[3:51:18.926 PM]: No config file path found. Client config will not be used."}
{"level":"INFO","message":"[3:51:18.926 PM]: Easy Logging is disabled as no config has been found"}
{"level":"INFO","message":"[3:51:18.926 PM]: Connection[id: eaa673c5-8fac-47aa-8511-29f163a38700] - connected successfully after 30.087375000002794 milliseconds"}
{"level":"INFO","message":"[3:51:18.927 PM]: No client config detected."}
{"level":"INFO","message":"[3:51:18.927 PM]: No config file path found. Client config will not be used."}
{"level":"INFO","message":"[3:51:18.927 PM]: Easy Logging is disabled as no config has been found"}
{"level":"INFO","message":"[3:51:18.927 PM]: Connection[id: de53160f-b10e-434e-9794-a606268e4fdb] - connected successfully after 29.69616700000188 milliseconds"}
